<?xml version="1.0" encoding="UTF-8"?>
<!-- Generated by org.testng.reporters.JUnitXMLReporter -->
<testsuite hostname="LT104209" ignored="0" name="AFL_carousel_widget-Run1" tests="1" failures="0" timestamp="21 May 2019 11:52:22 GMT" time="0.029" errors="0">
  <testcase name="@BeforeTest beforeMethod" time="0.0" classname="com.mop.qa.testbase.TestBase">
    <failure type="java.lang.IllegalArgumentException" message="wrong number of arguments">
      <![CDATA[java.lang.IllegalArgumentException: wrong number of arguments
	at com.mop.qa.testrunner.TestRunner.main(TestRunner.java:167)
... Removed 20 stack frames]]>
    </failure>
  </testcase> <!-- @BeforeTest beforeMethod -->
  <testcase name="AFL_carousel_widget_TestCase" time="0.0" classname="com.mop.qa.test.regression.AFL_carousel_widget">
    <skipped/>
  </testcase> <!-- AFL_carousel_widget_TestCase -->
</testsuite> <!-- AFL_carousel_widget-Run1 -->
